<?xml version="1.0" encoding="utf-8"?><testsuites><testsuite name="pytest" errors="0" failures="16" skipped="15" tests="33" time="7.057" timestamp="2022-07-24T01:37:26.156338" hostname="sabahudin-HP-Laptop-15-db1xxx"><testcase classname="src.assistant3.processors.bestellung_management.bestellung_definition" name="PYLINT" time="0.001"><failure message="F:  1, 0: No module named src/assistant3/processors/bestellung_management/bestellung_definition.py (fatal)">F:  1, 0: No module named src/assistant3/processors/bestellung_management/bestellung_definition.py (fatal)</failure></testcase><testcase classname="src.assistant3.processors.bestellung_management.bestellung_definition.flake-8" name="FLAKE8" time="0.001"><skipped type="pytest.skip" message="file(s) previously passed FLAKE8 checks">/home/sabahudin/Project_B/b/venv/lib/python3.10/site-packages/pytest_flake8.py:130: file(s) previously passed FLAKE8 checks</skipped></testcase><testcase classname="src.assistant3.processors.bestellung_management.bestellung_definition" name="YAPF" time="0.000"><skipped type="pytest.skip" message="file(s) previously passed yapf checks">/home/sabahudin/Project_B/b/venv/lib/python3.10/site-packages/pytest_yapf3/__init__.py:114: file(s) previously passed yapf checks</skipped></testcase><testcase classname="src.assistant3.processors.bestellung_management.bestellung_definition" name="mypy" time="1.351" /><testcase classname="src.assistant3.processors.bestellung_management.bestellung_definition" name="mypy-status" time="0.001"><failure message="mypy exited with status 1.">mypy exited with status 1.</failure></testcase><testcase classname="src.assistant3.processors.bestellung_management.bestellung_management" name="PYLINT" time="0.001"><failure message="F:  1, 0: No module named src/assistant3/processors/bestellung_management/bestellung_management.py (fatal)">F:  1, 0: No module named src/assistant3/processors/bestellung_management/bestellung_management.py (fatal)</failure></testcase><testcase classname="src.assistant3.processors.bestellung_management.bestellung_management.flake-8" name="FLAKE8" time="0.001"><skipped type="pytest.skip" message="file(s) previously passed FLAKE8 checks">/home/sabahudin/Project_B/b/venv/lib/python3.10/site-packages/pytest_flake8.py:130: file(s) previously passed FLAKE8 checks</skipped></testcase><testcase classname="src.assistant3.processors.bestellung_management.bestellung_management" name="YAPF" time="0.001"><skipped type="pytest.skip" message="file(s) previously passed yapf checks">/home/sabahudin/Project_B/b/venv/lib/python3.10/site-packages/pytest_yapf3/__init__.py:114: file(s) previously passed yapf checks</skipped></testcase><testcase classname="src.assistant3.processors.bestellung_management.bestellung_management" name="mypy" time="0.001"><failure message="2: error: Skipping analyzing &quot;word2number&quot;: module is installed, but missing library stubs or py.typed marker&#10;2: note: See https://mypy.readthedocs.io/en/stable/running_mypy.html#missing-imports&#10;4: error: Skipping analyzing &quot;assistant3.processors.bestellung_management.collect_pick&quot;: module is installed, but missing library stubs or py.typed marker&#10;5: error: Skipping analyzing &quot;assistant3.processors.bestellung_management.make_db&quot;: module is installed, but missing library stubs or py.typed marker&#10;6: error: Skipping analyzing &quot;assistant3.processors.bestellung_management.make_racks&quot;: module is installed, but missing library stubs or py.typed marker&#10;7: error: Skipping analyzing &quot;assistant3.processors.bestellung_management.manager_tools&quot;: module is installed, but missing library stubs or py.typed marker">2: error: Skipping analyzing "word2number": module is installed, but missing library stubs or py.typed marker
2: note: See https://mypy.readthedocs.io/en/stable/running_mypy.html#missing-imports
4: error: Skipping analyzing "assistant3.processors.bestellung_management.collect_pick": module is installed, but missing library stubs or py.typed marker
5: error: Skipping analyzing "assistant3.processors.bestellung_management.make_db": module is installed, but missing library stubs or py.typed marker
6: error: Skipping analyzing "assistant3.processors.bestellung_management.make_racks": module is installed, but missing library stubs or py.typed marker
7: error: Skipping analyzing "assistant3.processors.bestellung_management.manager_tools": module is installed, but missing library stubs or py.typed marker</failure></testcase><testcase classname="src.assistant3.processors.bestellung_management.bestellung_plugins" name="PYLINT" time="0.001"><failure message="F:  1, 0: No module named src/assistant3/processors/bestellung_management/bestellung_plugins.py (fatal)">F:  1, 0: No module named src/assistant3/processors/bestellung_management/bestellung_plugins.py (fatal)</failure></testcase><testcase classname="src.assistant3.processors.bestellung_management.bestellung_plugins.flake-8" name="FLAKE8" time="1.578"><failure message="/home/sabahudin/Project_B/b/src/assistant3/processors/bestellung_management/bestellung_plugins.py:4:1: I003 isort expected 1 blank line in imports, found 0&#10;/home/sabahudin/Project_B/b/src/assistant3/processors/bestellung_management/bestellung_plugins.py:55:1: D417 Missing argument descriptions in the docstring&#10;/home/sabahudin/Project_B/b/src/assistant3/processors/bestellung_management/bestellung_plugins.py:57:1: DAR101 Missing parameter(s) in Docstring: - by_uid&#10;/home/sabahudin/Project_B/b/src/assistant3/processors/bestellung_management/bestellung_plugins.py:120:1: D413 Missing blank line after last section&#10;/home/sabahudin/Project_B/b/src/assistant3/processors/bestellung_management/bestellung_plugins.py:120:1: D417 Missing argument descriptions in the docstring&#10;/home/sabahudin/Project_B/b/src/assistant3/processors/bestellung_management/bestellung_plugins.py:122:1: DAR101 Missing parameter(s) in Docstring: - by_uid&#10;/home/sabahudin/Project_B/b/src/assistant3/processors/bestellung_management/bestellung_plugins.py:190:1: D417 Missing argument descriptions in the docstring&#10;/home/sabahudin/Project_B/b/src/assistant3/processors/bestellung_management/bestellung_plugins.py:192:1: DAR101 Missing parameter(s) in Docstring: - by_uid&#10;/home/sabahudin/Project_B/b/src/assistant3/processors/bestellung_management/bestellung_plugins.py:311:1: D413 Missing blank line after last section&#10;/home/sabahudin/Project_B/b/src/assistant3/processors/bestellung_management/bestellung_plugins.py:321:1: D413 Missing blank line after last section&#10;/home/sabahudin/Project_B/b/src/assistant3/processors/bestellung_management/bestellung_plugins.py:333:1: D202 No blank lines allowed after function docstring&#10;/home/sabahudin/Project_B/b/src/assistant3/processors/bestellung_management/bestellung_plugins.py:333:1: D417 Missing argument descriptions in the docstring&#10;/home/sabahudin/Project_B/b/src/assistant3/processors/bestellung_management/bestellung_plugins.py:335:1: DAR101 Missing parameter(s) in Docstring: - by_uid&#10;">/home/sabahudin/Project_B/b/src/assistant3/processors/bestellung_management/bestellung_plugins.py:4:1: I003 isort expected 1 blank line in imports, found 0
/home/sabahudin/Project_B/b/src/assistant3/processors/bestellung_management/bestellung_plugins.py:55:1: D417 Missing argument descriptions in the docstring
/home/sabahudin/Project_B/b/src/assistant3/processors/bestellung_management/bestellung_plugins.py:57:1: DAR101 Missing parameter(s) in Docstring: - by_uid
/home/sabahudin/Project_B/b/src/assistant3/processors/bestellung_management/bestellung_plugins.py:120:1: D413 Missing blank line after last section
/home/sabahudin/Project_B/b/src/assistant3/processors/bestellung_management/bestellung_plugins.py:120:1: D417 Missing argument descriptions in the docstring
/home/sabahudin/Project_B/b/src/assistant3/processors/bestellung_management/bestellung_plugins.py:122:1: DAR101 Missing parameter(s) in Docstring: - by_uid
/home/sabahudin/Project_B/b/src/assistant3/processors/bestellung_management/bestellung_plugins.py:190:1: D417 Missing argument descriptions in the docstring
/home/sabahudin/Project_B/b/src/assistant3/processors/bestellung_management/bestellung_plugins.py:192:1: DAR101 Missing parameter(s) in Docstring: - by_uid
/home/sabahudin/Project_B/b/src/assistant3/processors/bestellung_management/bestellung_plugins.py:311:1: D413 Missing blank line after last section
/home/sabahudin/Project_B/b/src/assistant3/processors/bestellung_management/bestellung_plugins.py:321:1: D413 Missing blank line after last section
/home/sabahudin/Project_B/b/src/assistant3/processors/bestellung_management/bestellung_plugins.py:333:1: D202 No blank lines allowed after function docstring
/home/sabahudin/Project_B/b/src/assistant3/processors/bestellung_management/bestellung_plugins.py:333:1: D417 Missing argument descriptions in the docstring
/home/sabahudin/Project_B/b/src/assistant3/processors/bestellung_management/bestellung_plugins.py:335:1: DAR101 Missing parameter(s) in Docstring: - by_uid
</failure></testcase><testcase classname="src.assistant3.processors.bestellung_management.bestellung_plugins" name="YAPF" time="0.000"><skipped type="pytest.skip" message="file(s) previously passed yapf checks">/home/sabahudin/Project_B/b/venv/lib/python3.10/site-packages/pytest_yapf3/__init__.py:114: file(s) previously passed yapf checks</skipped></testcase><testcase classname="src.assistant3.processors.bestellung_management.bestellung_plugins" name="mypy" time="0.001"><failure message="4: error: Skipping analyzing &quot;word2number&quot;: module is installed, but missing library stubs or py.typed marker&#10;6: error: Skipping analyzing &quot;assistant3.common.plugins&quot;: module is installed, but missing library stubs or py.typed marker&#10;7: error: Skipping analyzing &quot;assistant3.processors.base_processor&quot;: module is installed, but missing library stubs or py.typed marker">4: error: Skipping analyzing "word2number": module is installed, but missing library stubs or py.typed marker
6: error: Skipping analyzing "assistant3.common.plugins": module is installed, but missing library stubs or py.typed marker
7: error: Skipping analyzing "assistant3.processors.base_processor": module is installed, but missing library stubs or py.typed marker</failure></testcase><testcase classname="src.assistant3.processors.bestellung_management.collect_pick" name="PYLINT" time="0.000"><skipped type="pytest.skip" message="file(s) previously passed pylint checks">/home/sabahudin/Project_B/b/venv/lib/python3.10/site-packages/pytest_pylint/plugin.py:340: file(s) previously passed pylint checks</skipped></testcase><testcase classname="src.assistant3.processors.bestellung_management.collect_pick.flake-8" name="FLAKE8" time="0.944"><failure message="/home/sabahudin/Project_B/b/src/assistant3/processors/bestellung_management/collect_pick.py:227:22: W292 no newline at end of file&#10;">/home/sabahudin/Project_B/b/src/assistant3/processors/bestellung_management/collect_pick.py:227:22: W292 no newline at end of file
</failure></testcase><testcase classname="src.assistant3.processors.bestellung_management.collect_pick" name="YAPF" time="0.000"><skipped type="pytest.skip" message="file(s) previously passed yapf checks">/home/sabahudin/Project_B/b/venv/lib/python3.10/site-packages/pytest_yapf3/__init__.py:114: file(s) previously passed yapf checks</skipped></testcase><testcase classname="src.assistant3.processors.bestellung_management.collect_pick" name="mypy" time="0.001"><failure message="4: error: Skipping analyzing &quot;assistant3.processors.bestellung_management.make_db&quot;: module is installed, but missing library stubs or py.typed marker&#10;5: error: Skipping analyzing &quot;assistant3.processors.bestellung_management.make_racks&quot;: module is installed, but missing library stubs or py.typed marker&#10;6: error: Skipping analyzing &quot;assistant3.processors.bestellung_management.npl_keys&quot;: module is installed, but missing library stubs or py.typed marker">4: error: Skipping analyzing "assistant3.processors.bestellung_management.make_db": module is installed, but missing library stubs or py.typed marker
5: error: Skipping analyzing "assistant3.processors.bestellung_management.make_racks": module is installed, but missing library stubs or py.typed marker
6: error: Skipping analyzing "assistant3.processors.bestellung_management.npl_keys": module is installed, but missing library stubs or py.typed marker</failure></testcase><testcase classname="src.assistant3.processors.bestellung_management.make_db" name="PYLINT" time="0.000"><skipped type="pytest.skip" message="file(s) previously passed pylint checks">/home/sabahudin/Project_B/b/venv/lib/python3.10/site-packages/pytest_pylint/plugin.py:340: file(s) previously passed pylint checks</skipped></testcase><testcase classname="src.assistant3.processors.bestellung_management.make_db.flake-8" name="FLAKE8" time="0.777"><failure message="/home/sabahudin/Project_B/b/src/assistant3/processors/bestellung_management/make_db.py:6:1: I001 isort found an import in the wrong position&#10;/home/sabahudin/Project_B/b/src/assistant3/processors/bestellung_management/make_db.py:6:101: E501 line too long (102 &gt; 100 characters)&#10;/home/sabahudin/Project_B/b/src/assistant3/processors/bestellung_management/make_db.py:8:1: I005 isort found an unexpected missing import&#10;/home/sabahudin/Project_B/b/src/assistant3/processors/bestellung_management/make_db.py:8:1: I005 isort found an unexpected missing import&#10;/home/sabahudin/Project_B/b/src/assistant3/processors/bestellung_management/make_db.py:8:1: I005 isort found an unexpected missing import&#10;/home/sabahudin/Project_B/b/src/assistant3/processors/bestellung_management/make_db.py:8:1: I005 isort found an unexpected missing import&#10;/home/sabahudin/Project_B/b/src/assistant3/processors/bestellung_management/make_db.py:191:18: W292 no newline at end of file&#10;">/home/sabahudin/Project_B/b/src/assistant3/processors/bestellung_management/make_db.py:6:1: I001 isort found an import in the wrong position
/home/sabahudin/Project_B/b/src/assistant3/processors/bestellung_management/make_db.py:6:101: E501 line too long (102 &gt; 100 characters)
/home/sabahudin/Project_B/b/src/assistant3/processors/bestellung_management/make_db.py:8:1: I005 isort found an unexpected missing import
/home/sabahudin/Project_B/b/src/assistant3/processors/bestellung_management/make_db.py:8:1: I005 isort found an unexpected missing import
/home/sabahudin/Project_B/b/src/assistant3/processors/bestellung_management/make_db.py:8:1: I005 isort found an unexpected missing import
/home/sabahudin/Project_B/b/src/assistant3/processors/bestellung_management/make_db.py:8:1: I005 isort found an unexpected missing import
/home/sabahudin/Project_B/b/src/assistant3/processors/bestellung_management/make_db.py:191:18: W292 no newline at end of file
</failure></testcase><testcase classname="src.assistant3.processors.bestellung_management.make_db" name="YAPF" time="0.001"><skipped type="pytest.skip" message="file(s) previously passed yapf checks">/home/sabahudin/Project_B/b/venv/lib/python3.10/site-packages/pytest_yapf3/__init__.py:114: file(s) previously passed yapf checks</skipped></testcase><testcase classname="src.assistant3.processors.bestellung_management.make_db" name="mypy" time="0.001"><failure message="6: error: Skipping analyzing &quot;assistant3.processors.bestellung_management.npl_keys&quot;: module is installed, but missing library stubs or py.typed marker&#10;7: error: Skipping analyzing &quot;assistant3.processors.bestellung_management.bestellung_definition&quot;: module is installed, but missing library stubs or py.typed marker">6: error: Skipping analyzing "assistant3.processors.bestellung_management.npl_keys": module is installed, but missing library stubs or py.typed marker
7: error: Skipping analyzing "assistant3.processors.bestellung_management.bestellung_definition": module is installed, but missing library stubs or py.typed marker</failure></testcase><testcase classname="src.assistant3.processors.bestellung_management.make_racks" name="PYLINT" time="0.001"><skipped type="pytest.skip" message="file(s) previously passed pylint checks">/home/sabahudin/Project_B/b/venv/lib/python3.10/site-packages/pytest_pylint/plugin.py:340: file(s) previously passed pylint checks</skipped></testcase><testcase classname="src.assistant3.processors.bestellung_management.make_racks.flake-8" name="FLAKE8" time="0.925"><failure message="/home/sabahudin/Project_B/b/src/assistant3/processors/bestellung_management/make_racks.py:174:47: W292 no newline at end of file&#10;">/home/sabahudin/Project_B/b/src/assistant3/processors/bestellung_management/make_racks.py:174:47: W292 no newline at end of file
</failure></testcase><testcase classname="src.assistant3.processors.bestellung_management.make_racks" name="YAPF" time="0.001"><skipped type="pytest.skip" message="file(s) previously passed yapf checks">/home/sabahudin/Project_B/b/venv/lib/python3.10/site-packages/pytest_yapf3/__init__.py:114: file(s) previously passed yapf checks</skipped></testcase><testcase classname="src.assistant3.processors.bestellung_management.make_racks" name="mypy" time="0.001"><failure message="5: error: Skipping analyzing &quot;assistant3.processors.bestellung_management.make_db&quot;: module is installed, but missing library stubs or py.typed marker">5: error: Skipping analyzing "assistant3.processors.bestellung_management.make_db": module is installed, but missing library stubs or py.typed marker</failure></testcase><testcase classname="src.assistant3.processors.bestellung_management.manager_tools" name="PYLINT" time="0.001"><skipped type="pytest.skip" message="file(s) previously passed pylint checks">/home/sabahudin/Project_B/b/venv/lib/python3.10/site-packages/pytest_pylint/plugin.py:340: file(s) previously passed pylint checks</skipped></testcase><testcase classname="src.assistant3.processors.bestellung_management.manager_tools.flake-8" name="FLAKE8" time="0.738"><failure message="/home/sabahudin/Project_B/b/src/assistant3/processors/bestellung_management/manager_tools.py:190:22: W292 no newline at end of file&#10;">/home/sabahudin/Project_B/b/src/assistant3/processors/bestellung_management/manager_tools.py:190:22: W292 no newline at end of file
</failure></testcase><testcase classname="src.assistant3.processors.bestellung_management.manager_tools" name="YAPF" time="0.001"><skipped type="pytest.skip" message="file(s) previously passed yapf checks">/home/sabahudin/Project_B/b/venv/lib/python3.10/site-packages/pytest_yapf3/__init__.py:114: file(s) previously passed yapf checks</skipped></testcase><testcase classname="src.assistant3.processors.bestellung_management.manager_tools" name="mypy" time="0.001"><failure message="3: error: Skipping analyzing &quot;assistant3.processors.bestellung_management.collect_pick&quot;: module is installed, but missing library stubs or py.typed marker&#10;4: error: Skipping analyzing &quot;assistant3.processors.bestellung_management.make_db&quot;: module is installed, but missing library stubs or py.typed marker&#10;5: error: Skipping analyzing &quot;assistant3.processors.bestellung_management.make_racks&quot;: module is installed, but missing library stubs or py.typed marker">3: error: Skipping analyzing "assistant3.processors.bestellung_management.collect_pick": module is installed, but missing library stubs or py.typed marker
4: error: Skipping analyzing "assistant3.processors.bestellung_management.make_db": module is installed, but missing library stubs or py.typed marker
5: error: Skipping analyzing "assistant3.processors.bestellung_management.make_racks": module is installed, but missing library stubs or py.typed marker</failure></testcase><testcase classname="src.assistant3.processors.bestellung_management.npl_keys" name="PYLINT" time="0.001"><skipped type="pytest.skip" message="file(s) previously passed pylint checks">/home/sabahudin/Project_B/b/venv/lib/python3.10/site-packages/pytest_pylint/plugin.py:340: file(s) previously passed pylint checks</skipped></testcase><testcase classname="src.assistant3.processors.bestellung_management.npl_keys.flake-8" name="FLAKE8" time="0.405"><failure message="/home/sabahudin/Project_B/b/src/assistant3/processors/bestellung_management/npl_keys.py:59:1: DAR101 Missing parameter(s) in Docstring: - time_now&#10;/home/sabahudin/Project_B/b/src/assistant3/processors/bestellung_management/npl_keys.py:85:47: W292 no newline at end of file&#10;">/home/sabahudin/Project_B/b/src/assistant3/processors/bestellung_management/npl_keys.py:59:1: DAR101 Missing parameter(s) in Docstring: - time_now
/home/sabahudin/Project_B/b/src/assistant3/processors/bestellung_management/npl_keys.py:85:47: W292 no newline at end of file
</failure></testcase><testcase classname="src.assistant3.processors.bestellung_management.npl_keys" name="YAPF" time="0.001"><skipped type="pytest.skip" message="file(s) previously passed yapf checks">/home/sabahudin/Project_B/b/venv/lib/python3.10/site-packages/pytest_yapf3/__init__.py:114: file(s) previously passed yapf checks</skipped></testcase><testcase classname="src.assistant3.processors.bestellung_management.npl_keys" name="mypy" time="0.001" /></testsuite></testsuites>