<?xml version="1.0" encoding="utf-8"?><testsuites><testsuite name="pytest" errors="0" failures="4" skipped="0" tests="19" time="60.518" timestamp="2022-07-23T03:44:26.882298" hostname="DESKTOP-1J9SRH4"><testcase classname="tests.test_plugin" name="PYLINT" time="0.005"><failure message="F:  1, 0: No module named tests\test_plugin.py (fatal)">F:  1, 0: No module named tests\test_plugin.py (fatal)</failure></testcase><testcase classname="tests.test_plugin" name="YAPF" time="0.278"><failure message="ERROR: C:\Users\edwin\Assistant3\b\tests\test_plugin.py YAPF diff: +2/-0 lines">ERROR: C:\Users\edwin\Assistant3\b\tests\test_plugin.py YAPF diff: +2/-0 lines</failure></testcase><testcase classname="tests.test_plugin" name="mypy" time="0.477"><failure message="3: error: Skipping analyzing &quot;wikipedia&quot;: module is installed, but missing library stubs or py.typed marker&#10;3: note: See https://mypy.readthedocs.io/en/stable/running_mypy.html#missing-imports&#10;5: error: Skipping analyzing &quot;assistant3&quot;: module is installed, but missing library stubs or py.typed marker&#10;6: error: Skipping analyzing &quot;assistant3.common&quot;: module is installed, but missing library stubs or py.typed marker&#10;7: error: Skipping analyzing &quot;assistant3.common.plugins&quot;: module is installed, but missing library stubs or py.typed marker&#10;8: error: Skipping analyzing &quot;assistant3.main_assistant.plugins_watcher&quot;: module is installed, but missing library stubs or py.typed marker">3: error: Skipping analyzing "wikipedia": module is installed, but missing library stubs or py.typed marker
3: note: See https://mypy.readthedocs.io/en/stable/running_mypy.html#missing-imports
5: error: Skipping analyzing "assistant3": module is installed, but missing library stubs or py.typed marker
6: error: Skipping analyzing "assistant3.common": module is installed, but missing library stubs or py.typed marker
7: error: Skipping analyzing "assistant3.common.plugins": module is installed, but missing library stubs or py.typed marker
8: error: Skipping analyzing "assistant3.main_assistant.plugins_watcher": module is installed, but missing library stubs or py.typed marker</failure></testcase><testcase classname="tests.test_plugin" name="mypy-status" time="0.003"><failure message="mypy exited with status 1.">mypy exited with status 1.</failure></testcase><testcase classname="tests.test_plugin.flake-8" name="FLAKE8" time="0.864" /><testcase classname="tests.test_plugin" name="test_activation_trigger" time="1.997" /><testcase classname="tests.test_plugin" name="test_other_activation_trigger" time="1.848" /><testcase classname="tests.test_plugin" name="test_date_plugin" time="1.654" /><testcase classname="tests.test_plugin" name="test_joke_plugin" time="1.623" /><testcase classname="tests.test_plugin" name="test_internet_plugin" time="1.925" /><testcase classname="tests.test_plugin" name="test_weather_plugin" time="8.959" /><testcase classname="tests.test_plugin" name="test_spacy_weather_plugin" time="16.919" /><testcase classname="tests.test_plugin" name="test_increase_volume_plugin" time="2.592" /><testcase classname="tests.test_plugin" name="test_decrease_volume_plugin" time="2.489" /><testcase classname="tests.test_plugin" name="test_location_plugin" time="2.116" /><testcase classname="tests.test_plugin" name="test_wikipedia_plugin_first" time="4.625" /><testcase classname="tests.test_plugin" name="test_wikipedia_plugin_second" time="3.724" /><testcase classname="tests.test_plugin" name="test_wikipedia_plugin_third" time="3.900" /><testcase classname="tests.test_plugin" name="test_break_plugin" time="1.843" /></testsuite></testsuites>