<?xml version="1.0" encoding="utf-8"?><testsuites><testsuite name="pytest" errors="0" failures="3" skipped="0" tests="6" time="11.010" timestamp="2022-07-23T23:28:31.667755" hostname="hamza-VirtualBox"><testcase classname="tests.test_nlp_keys" name="PYLINT" time="0.005"><failure message="F:  1, 0: No module named tests/test_nlp_keys.py (fatal)">F:  1, 0: No module named tests/test_nlp_keys.py (fatal)</failure></testcase><testcase classname="tests.test_nlp_keys.flake-8" name="FLAKE8" time="0.747" /><testcase classname="tests.test_nlp_keys" name="mypy" time="2.513"><failure message="4: error: Skipping analyzing &quot;assistant3.processors.bestellung_management.npl_keys&quot;: module is installed, but missing library stubs or py.typed marker&#10;4: note: See https://mypy.readthedocs.io/en/stable/running_mypy.html#missing-imports">4: error: Skipping analyzing "assistant3.processors.bestellung_management.npl_keys": module is installed, but missing library stubs or py.typed marker
4: note: See https://mypy.readthedocs.io/en/stable/running_mypy.html#missing-imports</failure></testcase><testcase classname="tests.test_nlp_keys" name="mypy-status" time="0.001"><failure message="mypy exited with status 1.">mypy exited with status 1.</failure></testcase><testcase classname="tests.test_nlp_keys" name="YAPF" time="0.022" /><testcase classname="tests.test_nlp_keys" name="test_value" time="5.214" /></testsuite></testsuites>