<?xml version="1.0" encoding="utf-8"?><testsuites><testsuite name="pytest" errors="0" failures="3" skipped="0" tests="9" time="7.816" timestamp="2022-07-12T10:30:21.165380" hostname="DESKTOP-1J9SRH4"><testcase classname="tests.test_plugin_watcher" name="PYLINT" time="0.002"><failure message="F:  1, 0: No module named tests\test_plugin_watcher.py (fatal)">F:  1, 0: No module named tests\test_plugin_watcher.py (fatal)</failure></testcase><testcase classname="tests.test_plugin_watcher" name="YAPF" time="0.068" /><testcase classname="tests.test_plugin_watcher" name="mypy" time="1.868"><failure message="6: error: Skipping analyzing &quot;processors&quot;: module is installed, but missing library stubs or py.typed marker&#10;6: note: See https://mypy.readthedocs.io/en/stable/running_mypy.html#missing-imports&#10;7: error: Skipping analyzing &quot;common.plugins&quot;: module is installed, but missing library stubs or py.typed marker&#10;8: error: Skipping analyzing &quot;plugins_watcher&quot;: module is installed, but missing library stubs or py.typed marker">6: error: Skipping analyzing "processors": module is installed, but missing library stubs or py.typed marker
6: note: See https://mypy.readthedocs.io/en/stable/running_mypy.html#missing-imports
7: error: Skipping analyzing "common.plugins": module is installed, but missing library stubs or py.typed marker
8: error: Skipping analyzing "plugins_watcher": module is installed, but missing library stubs or py.typed marker</failure></testcase><testcase classname="tests.test_plugin_watcher" name="mypy-status" time="0.007"><failure message="mypy exited with status 1.">mypy exited with status 1.</failure></testcase><testcase classname="tests.test_plugin_watcher.flake-8" name="FLAKE8" time="0.862" /><testcase classname="tests.test_plugin_watcher" name="test_activation_trigger" time="0.013" /><testcase classname="tests.test_plugin_watcher" name="test_other_activation_trigger" time="0.100" /><testcase classname="tests.test_plugin_watcher" name="test_activation_already_triggered" time="0.025" /><testcase classname="tests.test_plugin_watcher" name="test_date_plugin" time="0.024" /></testsuite></testsuites>