<?xml version="1.0" encoding="utf-8"?><testsuites><testsuite name="pytest" errors="0" failures="4" skipped="1" tests="19" time="61.284" timestamp="2022-07-23T03:49:51.380107" hostname="DESKTOP-1J9SRH4"><testcase classname="tests.test_plugin" name="PYLINT" time="0.003"><failure message="F:  1, 0: No module named tests\test_plugin.py (fatal)">F:  1, 0: No module named tests\test_plugin.py (fatal)</failure></testcase><testcase classname="tests.test_plugin" name="YAPF" time="0.236"><failure message="ERROR: C:\Users\edwin\Assistant3\b\tests\test_plugin.py YAPF diff: +2/-0 lines">ERROR: C:\Users\edwin\Assistant3\b\tests\test_plugin.py YAPF diff: +2/-0 lines</failure></testcase><testcase classname="tests.test_plugin" name="mypy" time="0.365"><failure message="3: error: Skipping analyzing &quot;wikipedia&quot;: module is installed, but missing library stubs or py.typed marker&#10;3: note: See https://mypy.readthedocs.io/en/stable/running_mypy.html#missing-imports&#10;5: error: Skipping analyzing &quot;assistant3&quot;: module is installed, but missing library stubs or py.typed marker&#10;6: error: Skipping analyzing &quot;assistant3.common&quot;: module is installed, but missing library stubs or py.typed marker&#10;7: error: Skipping analyzing &quot;assistant3.common.plugins&quot;: module is installed, but missing library stubs or py.typed marker&#10;8: error: Skipping analyzing &quot;assistant3.main_assistant.plugins_watcher&quot;: module is installed, but missing library stubs or py.typed marker">3: error: Skipping analyzing "wikipedia": module is installed, but missing library stubs or py.typed marker
3: note: See https://mypy.readthedocs.io/en/stable/running_mypy.html#missing-imports
5: error: Skipping analyzing "assistant3": module is installed, but missing library stubs or py.typed marker
6: error: Skipping analyzing "assistant3.common": module is installed, but missing library stubs or py.typed marker
7: error: Skipping analyzing "assistant3.common.plugins": module is installed, but missing library stubs or py.typed marker
8: error: Skipping analyzing "assistant3.main_assistant.plugins_watcher": module is installed, but missing library stubs or py.typed marker</failure></testcase><testcase classname="tests.test_plugin" name="mypy-status" time="0.003"><failure message="mypy exited with status 1.">mypy exited with status 1.</failure></testcase><testcase classname="tests.test_plugin.flake-8" name="FLAKE8" time="0.001"><skipped type="pytest.skip" message="file(s) previously passed FLAKE8 checks">C:\Users\edwin\Assistant3\b\venv\lib\site-packages\pytest_flake8.py:130: file(s) previously passed FLAKE8 checks</skipped></testcase><testcase classname="tests.test_plugin" name="test_activation_trigger" time="2.036" /><testcase classname="tests.test_plugin" name="test_other_activation_trigger" time="1.674" /><testcase classname="tests.test_plugin" name="test_date_plugin" time="2.042" /><testcase classname="tests.test_plugin" name="test_joke_plugin" time="1.838" /><testcase classname="tests.test_plugin" name="test_internet_plugin" time="1.898" /><testcase classname="tests.test_plugin" name="test_weather_plugin" time="9.022" /><testcase classname="tests.test_plugin" name="test_spacy_weather_plugin" time="16.948" /><testcase classname="tests.test_plugin" name="test_increase_volume_plugin" time="2.781" /><testcase classname="tests.test_plugin" name="test_decrease_volume_plugin" time="2.510" /><testcase classname="tests.test_plugin" name="test_location_plugin" time="2.137" /><testcase classname="tests.test_plugin" name="test_wikipedia_plugin_first" time="4.250" /><testcase classname="tests.test_plugin" name="test_wikipedia_plugin_second" time="4.160" /><testcase classname="tests.test_plugin" name="test_wikipedia_plugin_third" time="4.546" /><testcase classname="tests.test_plugin" name="test_break_plugin" time="1.813" /></testsuite></testsuites>