<?xml version="1.0" encoding="utf-8"?><testsuites><testsuite name="pytest" errors="0" failures="3" skipped="0" tests="21" time="114.706" timestamp="2022-07-24T15:21:28.869832" hostname="DESKTOP-1J9SRH4"><testcase classname="tests.test_plugin" name="PYLINT" time="0.004"><failure message="F:  1, 0: No module named tests\test_plugin.py (fatal)">F:  1, 0: No module named tests\test_plugin.py (fatal)</failure></testcase><testcase classname="tests.test_plugin" name="YAPF" time="0.346" /><testcase classname="tests.test_plugin" name="mypy" time="1.576"><failure message="3: error: Skipping analyzing &quot;wikipedia&quot;: module is installed, but missing library stubs or py.typed marker&#10;3: note: See https://mypy.readthedocs.io/en/stable/running_mypy.html#missing-imports&#10;5: error: Skipping analyzing &quot;assistant3&quot;: module is installed, but missing library stubs or py.typed marker&#10;6: error: Skipping analyzing &quot;assistant3.common&quot;: module is installed, but missing library stubs or py.typed marker&#10;7: error: Skipping analyzing &quot;assistant3.common.plugins&quot;: module is installed, but missing library stubs or py.typed marker&#10;8: error: Skipping analyzing &quot;assistant3.main_assistant.plugins_watcher&quot;: module is installed, but missing library stubs or py.typed marker&#10;9: error: Skipping analyzing &quot;assistant3.processors&quot;: module is installed, but missing library stubs or py.typed marker">3: error: Skipping analyzing "wikipedia": module is installed, but missing library stubs or py.typed marker
3: note: See https://mypy.readthedocs.io/en/stable/running_mypy.html#missing-imports
5: error: Skipping analyzing "assistant3": module is installed, but missing library stubs or py.typed marker
6: error: Skipping analyzing "assistant3.common": module is installed, but missing library stubs or py.typed marker
7: error: Skipping analyzing "assistant3.common.plugins": module is installed, but missing library stubs or py.typed marker
8: error: Skipping analyzing "assistant3.main_assistant.plugins_watcher": module is installed, but missing library stubs or py.typed marker
9: error: Skipping analyzing "assistant3.processors": module is installed, but missing library stubs or py.typed marker</failure></testcase><testcase classname="tests.test_plugin" name="mypy-status" time="0.011"><failure message="mypy exited with status 1.">mypy exited with status 1.</failure></testcase><testcase classname="tests.test_plugin.flake-8" name="FLAKE8" time="1.734" /><testcase classname="tests.test_plugin" name="test_activation_trigger" time="2.157" /><testcase classname="tests.test_plugin" name="test_other_activation_trigger" time="1.866" /><testcase classname="tests.test_plugin" name="test_date_plugin" time="2.134" /><testcase classname="tests.test_plugin" name="test_joke_plugin" time="2.198" /><testcase classname="tests.test_plugin" name="test_internet_plugin" time="3.173" /><testcase classname="tests.test_plugin" name="test_weather_plugin" time="10.481" /><testcase classname="tests.test_plugin" name="test_spacy_weather_plugin" time="17.501" /><testcase classname="tests.test_plugin" name="test_location_plugin" time="2.248" /><testcase classname="tests.test_plugin" name="test_wikipedia_plugin_first" time="16.441" /><testcase classname="tests.test_plugin" name="test_wikipedia_plugin_second" time="17.175" /><testcase classname="tests.test_plugin" name="test_wikipedia_plugin_third" time="17.350" /><testcase classname="tests.test_plugin" name="test_calculator_add" time="1.833" /><testcase classname="tests.test_plugin" name="test_calculator_sub" time="1.738" /><testcase classname="tests.test_plugin" name="test_calculator_multiplication" time="2.146" /><testcase classname="tests.test_plugin" name="test_calculator_division" time="2.394" /><testcase classname="tests.test_plugin" name="test_break_plugin" time="6.856" /></testsuite></testsuites>