<?xml version="1.0" encoding="utf-8"?><testsuites><testsuite name="pytest" errors="0" failures="1" skipped="0" tests="5" time="0.721" timestamp="2022-07-23T18:28:38.387955" hostname="trabelsi.local"><testcase classname="tests.test_plugin" name="PYLINT" time="0.001"><failure message="F:  1, 0: No module named tests/test_plugin.py (fatal)">F:  1, 0: No module named tests/test_plugin.py (fatal)</failure></testcase><testcase classname="tests.test_plugin" name="mypy" time="0.467" /><testcase classname="tests.test_plugin" name="mypy-status" time="0.000" /><testcase classname="tests.test_plugin.flake-8" name="FLAKE8" time="0.157" /><testcase classname="tests.test_plugin" name="YAPF" time="0.008" /></testsuite></testsuites>