<?xml version="1.0" encoding="utf-8"?><testsuites><testsuite name="pytest" errors="0" failures="5" skipped="0" tests="19" time="81.114" timestamp="2022-07-23T16:20:45.819298" hostname="DESKTOP-1J9SRH4"><testcase classname="tests.test_plugin" name="PYLINT" time="0.007"><failure message="F:  1, 0: No module named tests\test_plugin.py (fatal)">F:  1, 0: No module named tests\test_plugin.py (fatal)</failure></testcase><testcase classname="tests.test_plugin" name="YAPF" time="0.391"><failure message="ERROR: C:\Users\edwin\Assistant3\b\tests\test_plugin.py YAPF diff: +3/-0 lines">ERROR: C:\Users\edwin\Assistant3\b\tests\test_plugin.py YAPF diff: +3/-0 lines</failure></testcase><testcase classname="tests.test_plugin" name="mypy" time="0.657"><failure message="3: error: Skipping analyzing &quot;wikipedia&quot;: module is installed, but missing library stubs or py.typed marker&#10;3: note: See https://mypy.readthedocs.io/en/stable/running_mypy.html#missing-imports&#10;5: error: Skipping analyzing &quot;assistant3&quot;: module is installed, but missing library stubs or py.typed marker&#10;6: error: Skipping analyzing &quot;assistant3.common&quot;: module is installed, but missing library stubs or py.typed marker&#10;7: error: Skipping analyzing &quot;assistant3.common.plugins&quot;: module is installed, but missing library stubs or py.typed marker&#10;8: error: Skipping analyzing &quot;assistant3.main_assistant.plugins_watcher&quot;: module is installed, but missing library stubs or py.typed marker">3: error: Skipping analyzing "wikipedia": module is installed, but missing library stubs or py.typed marker
3: note: See https://mypy.readthedocs.io/en/stable/running_mypy.html#missing-imports
5: error: Skipping analyzing "assistant3": module is installed, but missing library stubs or py.typed marker
6: error: Skipping analyzing "assistant3.common": module is installed, but missing library stubs or py.typed marker
7: error: Skipping analyzing "assistant3.common.plugins": module is installed, but missing library stubs or py.typed marker
8: error: Skipping analyzing "assistant3.main_assistant.plugins_watcher": module is installed, but missing library stubs or py.typed marker</failure></testcase><testcase classname="tests.test_plugin" name="mypy-status" time="0.004"><failure message="mypy exited with status 1.">mypy exited with status 1.</failure></testcase><testcase classname="tests.test_plugin.flake-8" name="FLAKE8" time="1.129"><failure message="C:\Users\edwin\Assistant3\b\tests\test_plugin.py:286:1: E305 expected 2 blank lines after class or function definition, found 1&#10;C:\Users\edwin\Assistant3\b\tests\test_plugin.py:286:22: W292 no newline at end of file&#10;">C:\Users\edwin\Assistant3\b\tests\test_plugin.py:286:1: E305 expected 2 blank lines after class or function definition, found 1
C:\Users\edwin\Assistant3\b\tests\test_plugin.py:286:22: W292 no newline at end of file
</failure></testcase><testcase classname="tests.test_plugin" name="test_activation_trigger" time="2.126" /><testcase classname="tests.test_plugin" name="test_other_activation_trigger" time="2.123" /><testcase classname="tests.test_plugin" name="test_date_plugin" time="2.160" /><testcase classname="tests.test_plugin" name="test_joke_plugin" time="2.277" /><testcase classname="tests.test_plugin" name="test_internet_plugin" time="2.391" /><testcase classname="tests.test_plugin" name="test_weather_plugin" time="9.932" /><testcase classname="tests.test_plugin" name="test_spacy_weather_plugin" time="19.146" /><testcase classname="tests.test_plugin" name="test_increase_volume_plugin" time="3.099" /><testcase classname="tests.test_plugin" name="test_decrease_volume_plugin" time="2.919" /><testcase classname="tests.test_plugin" name="test_location_plugin" time="2.500" /><testcase classname="tests.test_plugin" name="test_wikipedia_plugin_first" time="5.128" /><testcase classname="tests.test_plugin" name="test_wikipedia_plugin_second" time="4.266" /><testcase classname="tests.test_plugin" name="test_wikipedia_plugin_third" time="4.190" /><testcase classname="tests.test_plugin" name="test_break_plugin" time="2.385" /></testsuite></testsuites>