<?xml version="1.0" encoding="utf-8"?><testsuites><testsuite name="pytest" errors="0" failures="3" skipped="0" tests="5" time="3.300" timestamp="2022-07-20T12:56:58.262748" hostname="hamza-VirtualBox"><testcase classname="src.processors.bestellung_definition" name="PYLINT" time="0.002"><failure message="F:  1, 0: No module named src/processors/bestellung_definition.py (fatal)">F:  1, 0: No module named src/processors/bestellung_definition.py (fatal)</failure></testcase><testcase classname="src.processors.bestellung_definition.flake-8" name="FLAKE8" time="0.597" /><testcase classname="src.processors.bestellung_definition" name="mypy" time="0.853"><failure message="4: error: Skipping analyzing &quot;processors&quot;: module is installed, but missing library stubs or py.typed marker&#10;4: note: See https://mypy.readthedocs.io/en/stable/running_mypy.html#missing-imports">4: error: Skipping analyzing "processors": module is installed, but missing library stubs or py.typed marker
4: note: See https://mypy.readthedocs.io/en/stable/running_mypy.html#missing-imports</failure></testcase><testcase classname="src.processors.bestellung_definition" name="mypy-status" time="0.003"><failure message="mypy exited with status 1.">mypy exited with status 1.</failure></testcase><testcase classname="src.processors.bestellung_definition" name="YAPF" time="0.107" /></testsuite></testsuites>