<?xml version="1.0" encoding="utf-8"?><testsuites><testsuite name="pytest" errors="0" failures="1" skipped="2" tests="5" time="0.444" timestamp="2022-07-19T23:33:28.258622" hostname="hamza-VirtualBox"><testcase classname="src.processors.bestellung_definition" name="PYLINT" time="0.002"><failure message="F:  1, 0: No module named src/processors/bestellung_definition.py (fatal)">F:  1, 0: No module named src/processors/bestellung_definition.py (fatal)</failure></testcase><testcase classname="src.processors.bestellung_definition.flake-8" name="FLAKE8" time="0.001"><skipped type="pytest.skip" message="file(s) previously passed FLAKE8 checks">/home/TEST.PYvenv/test_87/pypro87/lib/python3.10/site-packages/pytest_flake8.py:130: file(s) previously passed FLAKE8 checks</skipped></testcase><testcase classname="src.processors.bestellung_definition" name="mypy" time="0.162" /><testcase classname="src.processors.bestellung_definition" name="mypy-status" time="0.001" /><testcase classname="src.processors.bestellung_definition" name="YAPF" time="0.001"><skipped type="pytest.skip" message="file(s) previously passed yapf checks">/home/TEST.PYvenv/test_87/pypro87/lib/python3.10/site-packages/pytest_yapf3/__init__.py:114: file(s) previously passed yapf checks</skipped></testcase></testsuite></testsuites>