<?xml version="1.0" encoding="utf-8"?><testsuites><testsuite name="pytest" errors="0" failures="4" skipped="4" tests="9" time="4.397" timestamp="2022-07-04T00:15:12.466258" hostname="sabahudin-HP-Laptop-15-db1xxx"><testcase classname="src.processors.__init__" name="PYLINT" time="0.001"><skipped type="pytest.skip" message="file(s) previously passed pylint checks">/home/sabahudin/Project_B/b/venv/lib/python3.10/site-packages/pytest_pylint/plugin.py:340: file(s) previously passed pylint checks</skipped></testcase><testcase classname="src.processors.__init__.flake-8" name="FLAKE8" time="0.001"><skipped type="pytest.skip" message="file(s) previously passed FLAKE8 checks">/home/sabahudin/Project_B/b/venv/lib/python3.10/site-packages/pytest_flake8.py:130: file(s) previously passed FLAKE8 checks</skipped></testcase><testcase classname="src.processors.__init__" name="YAPF" time="0.001"><skipped type="pytest.skip" message="file(s) previously passed yapf checks">/home/sabahudin/Project_B/b/venv/lib/python3.10/site-packages/pytest_yapf3/__init__.py:114: file(s) previously passed yapf checks</skipped></testcase><testcase classname="src.processors.__init__" name="mypy" time="1.957" /><testcase classname="src.processors.__init__" name="mypy-status" time="0.001"><failure message="mypy exited with status 1.">mypy exited with status 1.</failure></testcase><testcase classname="src.processors.base_processor" name="PYLINT" time="0.002"><failure message="F:  1, 0: No module named src/processors/base_processor.py (fatal)">F:  1, 0: No module named src/processors/base_processor.py (fatal)</failure></testcase><testcase classname="src.processors.base_processor.flake-8" name="FLAKE8" time="2.208"><failure message="/home/sabahudin/Project_B/b/src/processors/base_processor.py:5:1: TC002 Move third-party import 'typing' into a type-checking block&#10;">/home/sabahudin/Project_B/b/src/processors/base_processor.py:5:1: TC002 Move third-party import 'typing' into a type-checking block
</failure></testcase><testcase classname="src.processors.base_processor" name="YAPF" time="0.001"><skipped type="pytest.skip" message="file(s) previously passed yapf checks">/home/sabahudin/Project_B/b/venv/lib/python3.10/site-packages/pytest_yapf3/__init__.py:114: file(s) previously passed yapf checks</skipped></testcase><testcase classname="src.processors.base_processor" name="mypy" time="0.001"><failure message="8: error: Skipping analyzing &quot;pyttsx3&quot;: module is installed, but missing library stubs or py.typed marker&#10;8: note: See https://mypy.readthedocs.io/en/stable/running_mypy.html#missing-imports&#10;247: error: Incompatible types in assignment (expression has type &quot;List[str]&quot;, variable has type &quot;str&quot;)&#10;279: error: Incompatible types in assignment (expression has type &quot;str&quot;, variable has type &quot;bool&quot;)&#10;293: error: Need type annotation for &quot;time_range_numbers&quot; (hint: &quot;time_range_numbers: List[&lt;type&gt;] = ...&quot;)&#10;325: error: Incompatible types in assignment (expression has type &quot;List[str]&quot;, variable has type &quot;str&quot;)&#10;338: error: Incompatible types in assignment (expression has type &quot;int&quot;, variable has type &quot;str&quot;)&#10;393: error: Incompatible types in assignment (expression has type &quot;List[str]&quot;, variable has type &quot;str&quot;)&#10;415: error: Need type annotation for &quot;activities&quot; (hint: &quot;activities: Dict[&lt;type&gt;, &lt;type&gt;] = ...&quot;)&#10;555: error: Argument 1 to &quot;convert_time_range_from_words_to_numbers&quot; has incompatible type &quot;List[str]&quot;; expected &quot;str&quot;&#10;560: error: Argument 3 to &quot;activity_in_time&quot; of &quot;MonthlyPlanPlugin&quot; has incompatible type &quot;List[str]&quot;; expected &quot;str&quot;&#10;598: error: Argument 1 to &quot;give_date_from_monthly_plan&quot; of &quot;MonthlyPlanPlugin&quot; has incompatible type &quot;Union[str, bool]&quot;; expected &quot;str&quot;&#10;600: error: Argument 1 to &quot;say_date&quot; has incompatible type &quot;Union[str, bool]&quot;; expected &quot;str&quot;&#10;607: error: Argument 1 to &quot;say_date&quot; has incompatible type &quot;Union[str, bool]&quot;; expected &quot;str&quot;&#10;646: error: Argument 1 to &quot;day_past_in_monthly_plan&quot; has incompatible type &quot;Union[str, bool]&quot;; expected &quot;str&quot;&#10;647: error: Argument 1 to &quot;check_number_of_days_in_month&quot; has incompatible type &quot;Union[str, bool]&quot;; expected &quot;str&quot;&#10;661: error: Argument 1 to &quot;say_date&quot; has incompatible type &quot;Union[str, bool]&quot;; expected &quot;str&quot;&#10;696: error: Argument 1 to &quot;say_date&quot; has incompatible type &quot;Union[str, bool]&quot;; expected &quot;str&quot;&#10;728: error: Argument 1 to &quot;SingleDate&quot; has incompatible type &quot;Union[str, bool]&quot;; expected &quot;str&quot;&#10;738: error: Argument 1 to &quot;say_date&quot; has incompatible type &quot;Union[str, bool]&quot;; expected &quot;str&quot;&#10;747: error: Argument 1 to &quot;say_date&quot; has incompatible type &quot;Union[str, bool]&quot;; expected &quot;str&quot;">8: error: Skipping analyzing "pyttsx3": module is installed, but missing library stubs or py.typed marker
8: note: See https://mypy.readthedocs.io/en/stable/running_mypy.html#missing-imports
247: error: Incompatible types in assignment (expression has type "List[str]", variable has type "str")
279: error: Incompatible types in assignment (expression has type "str", variable has type "bool")
293: error: Need type annotation for "time_range_numbers" (hint: "time_range_numbers: List[&lt;type&gt;] = ...")
325: error: Incompatible types in assignment (expression has type "List[str]", variable has type "str")
338: error: Incompatible types in assignment (expression has type "int", variable has type "str")
393: error: Incompatible types in assignment (expression has type "List[str]", variable has type "str")
415: error: Need type annotation for "activities" (hint: "activities: Dict[&lt;type&gt;, &lt;type&gt;] = ...")
555: error: Argument 1 to "convert_time_range_from_words_to_numbers" has incompatible type "List[str]"; expected "str"
560: error: Argument 3 to "activity_in_time" of "MonthlyPlanPlugin" has incompatible type "List[str]"; expected "str"
598: error: Argument 1 to "give_date_from_monthly_plan" of "MonthlyPlanPlugin" has incompatible type "Union[str, bool]"; expected "str"
600: error: Argument 1 to "say_date" has incompatible type "Union[str, bool]"; expected "str"
607: error: Argument 1 to "say_date" has incompatible type "Union[str, bool]"; expected "str"
646: error: Argument 1 to "day_past_in_monthly_plan" has incompatible type "Union[str, bool]"; expected "str"
647: error: Argument 1 to "check_number_of_days_in_month" has incompatible type "Union[str, bool]"; expected "str"
661: error: Argument 1 to "say_date" has incompatible type "Union[str, bool]"; expected "str"
696: error: Argument 1 to "say_date" has incompatible type "Union[str, bool]"; expected "str"
728: error: Argument 1 to "SingleDate" has incompatible type "Union[str, bool]"; expected "str"
738: error: Argument 1 to "say_date" has incompatible type "Union[str, bool]"; expected "str"
747: error: Argument 1 to "say_date" has incompatible type "Union[str, bool]"; expected "str"</failure></testcase></testsuite></testsuites>