<?xml version="1.0" encoding="utf-8"?><testsuites><testsuite name="pytest" errors="0" failures="6" skipped="6" tests="33" time="25.819" timestamp="2022-07-17T21:14:05.827389" hostname="sabahudin-HP-Laptop-15-db1xxx"><testcase classname="src.processors.__init__" name="PYLINT" time="0.002"><skipped type="pytest.skip" message="file(s) previously passed pylint checks">/home/sabahudin/Project_B/b/venv/lib/python3.10/site-packages/pytest_pylint/plugin.py:340: file(s) previously passed pylint checks</skipped></testcase><testcase classname="src.processors.__init__.flake-8" name="FLAKE8" time="0.001"><skipped type="pytest.skip" message="file(s) previously passed FLAKE8 checks">/home/sabahudin/Project_B/b/venv/lib/python3.10/site-packages/pytest_flake8.py:130: file(s) previously passed FLAKE8 checks</skipped></testcase><testcase classname="src.processors.__init__" name="YAPF" time="0.001"><skipped type="pytest.skip" message="file(s) previously passed yapf checks">/home/sabahudin/Project_B/b/venv/lib/python3.10/site-packages/pytest_yapf3/__init__.py:114: file(s) previously passed yapf checks</skipped></testcase><testcase classname="src.processors.__init__" name="mypy" time="2.015" /><testcase classname="src.processors.__init__" name="mypy-status" time="0.001"><failure message="mypy exited with status 1.">mypy exited with status 1.</failure></testcase><testcase classname="src.processors.base_processor" name="PYLINT" time="0.001"><skipped type="pytest.skip" message="file(s) previously passed pylint checks">/home/sabahudin/Project_B/b/venv/lib/python3.10/site-packages/pytest_pylint/plugin.py:340: file(s) previously passed pylint checks</skipped></testcase><testcase classname="src.processors.base_processor.flake-8" name="FLAKE8" time="1.758"><failure message="/home/sabahudin/Project_B/b/src/processors/base_processor.py:5:1: TC002 Move third-party import 'typing' into a type-checking block&#10;">/home/sabahudin/Project_B/b/src/processors/base_processor.py:5:1: TC002 Move third-party import 'typing' into a type-checking block
</failure></testcase><testcase classname="src.processors.base_processor" name="YAPF" time="0.000"><skipped type="pytest.skip" message="file(s) previously passed yapf checks">/home/sabahudin/Project_B/b/venv/lib/python3.10/site-packages/pytest_yapf3/__init__.py:114: file(s) previously passed yapf checks</skipped></testcase><testcase classname="src.processors.base_processor" name="mypy" time="0.001"><failure message="7: error: Skipping analyzing &quot;pyttsx3&quot;: module is installed, but missing library stubs or py.typed marker&#10;7: note: See https://mypy.readthedocs.io/en/stable/running_mypy.html#missing-imports&#10;9: error: Skipping analyzing &quot;xlsxwriter&quot;: module is installed, but missing library stubs or py.typed marker">7: error: Skipping analyzing "pyttsx3": module is installed, but missing library stubs or py.typed marker
7: note: See https://mypy.readthedocs.io/en/stable/running_mypy.html#missing-imports
9: error: Skipping analyzing "xlsxwriter": module is installed, but missing library stubs or py.typed marker</failure></testcase><testcase classname="src.processors.test_monthly_plan" name="PYLINT" time="0.000"><skipped type="pytest.skip" message="file(s) previously passed pylint checks">/home/sabahudin/Project_B/b/venv/lib/python3.10/site-packages/pytest_pylint/plugin.py:340: file(s) previously passed pylint checks</skipped></testcase><testcase classname="src.processors.test_monthly_plan.flake-8" name="FLAKE8" time="1.339"><failure message="/home/sabahudin/Project_B/b/src/processors/test_monthly_plan.py:47:1: D202 No blank lines allowed after function docstring&#10;/home/sabahudin/Project_B/b/src/processors/test_monthly_plan.py:134:1: W293 blank line contains whitespace&#10;/home/sabahudin/Project_B/b/src/processors/test_monthly_plan.py:144:49: E128 continuation line under-indented for visual indent&#10;/home/sabahudin/Project_B/b/src/processors/test_monthly_plan.py:161:49: E128 continuation line under-indented for visual indent&#10;/home/sabahudin/Project_B/b/src/processors/test_monthly_plan.py:171:49: E128 continuation line under-indented for visual indent&#10;/home/sabahudin/Project_B/b/src/processors/test_monthly_plan.py:184:1: W293 blank line contains whitespace&#10;/home/sabahudin/Project_B/b/src/processors/test_monthly_plan.py:213:1: W293 blank line contains whitespace&#10;/home/sabahudin/Project_B/b/src/processors/test_monthly_plan.py:241:1: W293 blank line contains whitespace&#10;/home/sabahudin/Project_B/b/src/processors/test_monthly_plan.py:262:1: W293 blank line contains whitespace&#10;/home/sabahudin/Project_B/b/src/processors/test_monthly_plan.py:264:1: W293 blank line contains whitespace&#10;/home/sabahudin/Project_B/b/src/processors/test_monthly_plan.py:298:1: W293 blank line contains whitespace&#10;/home/sabahudin/Project_B/b/src/processors/test_monthly_plan.py:315:1: W293 blank line contains whitespace&#10;/home/sabahudin/Project_B/b/src/processors/test_monthly_plan.py:336:1: W293 blank line contains whitespace&#10;/home/sabahudin/Project_B/b/src/processors/test_monthly_plan.py:362:1: W293 blank line contains whitespace&#10;/home/sabahudin/Project_B/b/src/processors/test_monthly_plan.py:400:1: W293 blank line contains whitespace&#10;/home/sabahudin/Project_B/b/src/processors/test_monthly_plan.py:417:1: W293 blank line contains whitespace&#10;/home/sabahudin/Project_B/b/src/processors/test_monthly_plan.py:456:13: E303 too many blank lines (2)&#10;/home/sabahudin/Project_B/b/src/processors/test_monthly_plan.py:460:1: W293 blank line contains whitespace&#10;">/home/sabahudin/Project_B/b/src/processors/test_monthly_plan.py:47:1: D202 No blank lines allowed after function docstring
/home/sabahudin/Project_B/b/src/processors/test_monthly_plan.py:134:1: W293 blank line contains whitespace
/home/sabahudin/Project_B/b/src/processors/test_monthly_plan.py:144:49: E128 continuation line under-indented for visual indent
/home/sabahudin/Project_B/b/src/processors/test_monthly_plan.py:161:49: E128 continuation line under-indented for visual indent
/home/sabahudin/Project_B/b/src/processors/test_monthly_plan.py:171:49: E128 continuation line under-indented for visual indent
/home/sabahudin/Project_B/b/src/processors/test_monthly_plan.py:184:1: W293 blank line contains whitespace
/home/sabahudin/Project_B/b/src/processors/test_monthly_plan.py:213:1: W293 blank line contains whitespace
/home/sabahudin/Project_B/b/src/processors/test_monthly_plan.py:241:1: W293 blank line contains whitespace
/home/sabahudin/Project_B/b/src/processors/test_monthly_plan.py:262:1: W293 blank line contains whitespace
/home/sabahudin/Project_B/b/src/processors/test_monthly_plan.py:264:1: W293 blank line contains whitespace
/home/sabahudin/Project_B/b/src/processors/test_monthly_plan.py:298:1: W293 blank line contains whitespace
/home/sabahudin/Project_B/b/src/processors/test_monthly_plan.py:315:1: W293 blank line contains whitespace
/home/sabahudin/Project_B/b/src/processors/test_monthly_plan.py:336:1: W293 blank line contains whitespace
/home/sabahudin/Project_B/b/src/processors/test_monthly_plan.py:362:1: W293 blank line contains whitespace
/home/sabahudin/Project_B/b/src/processors/test_monthly_plan.py:400:1: W293 blank line contains whitespace
/home/sabahudin/Project_B/b/src/processors/test_monthly_plan.py:417:1: W293 blank line contains whitespace
/home/sabahudin/Project_B/b/src/processors/test_monthly_plan.py:456:13: E303 too many blank lines (2)
/home/sabahudin/Project_B/b/src/processors/test_monthly_plan.py:460:1: W293 blank line contains whitespace
</failure></testcase><testcase classname="src.processors.test_monthly_plan" name="YAPF" time="0.855"><failure message="ERROR: /home/sabahudin/Project_B/b/src/processors/test_monthly_plan.py YAPF diff: +14/-15 lines">ERROR: /home/sabahudin/Project_B/b/src/processors/test_monthly_plan.py YAPF diff: +14/-15 lines</failure></testcase><testcase classname="src.processors.test_monthly_plan" name="mypy" time="0.001"><failure message="6: error: Skipping analyzing &quot;pyttsx3&quot;: module is installed, but missing library stubs or py.typed marker">6: error: Skipping analyzing "pyttsx3": module is installed, but missing library stubs or py.typed marker</failure></testcase><testcase classname="src.processors.test_monthly_plan" name="test_activity_exist" time="0.001" /><testcase classname="src.processors.test_monthly_plan" name="test_write_xls" time="0.530" /><testcase classname="src.processors.test_monthly_plan" name="test_add_to_xls" time="0.001" /><testcase classname="src.processors.test_monthly_plan" name="test_give_date_from_monthly_plan" time="0.507" /><testcase classname="src.processors.test_monthly_plan" name="test_activity_in_time" time="0.252" /><testcase classname="src.processors.test_monthly_plan" name="test_add_activity_to_time_range" time="0.260" /><testcase classname="src.processors.test_monthly_plan" name="test_insert_activity" time="0.251" /><testcase classname="src.processors.test_monthly_plan" name="test_check_existing_date" time="0.258" /><testcase classname="src.processors.test_monthly_plan" name="test_delete_date_" time="0.258" /><testcase classname="src.processors.test_monthly_plan" name="test_insert_date" time="0.257" /><testcase classname="src.processors.test_monthly_plan" name="test_add_date" time="0.256" /><testcase classname="src.processors.test_monthly_plan" name="test_delete_date" time="0.255" /><testcase classname="src.processors.test_monthly_plan" name="test_add_activity" time="0.254" /><testcase classname="src.processors.test_monthly_plan" name="test_deactivate_action" time="0.263" /><testcase classname="src.processors.test_monthly_plan" name="test_activate_action" time="0.257" /><testcase classname="src.processors.test_monthly_plan" name="test_show_dates" time="0.257" /><testcase classname="src.processors.test_monthly_plan" name="test_check_keyword" time="0.257" /><testcase classname="src.processors.test_monthly_plan" name="test_run_doc_without_activity" time="5.419" /><testcase classname="src.processors.test_monthly_plan" name="test_run_doc_activity" time="5.646" /><testcase classname="src.processors.test_monthly_plan" name="test_exact_keyword__similar_keyword_activated" time="2.818" /></testsuite></testsuites>