<?xml version="1.0" encoding="utf-8"?><testsuites><testsuite name="pytest" errors="0" failures="0" skipped="2" tests="2" time="5.835" timestamp="2022-07-20T00:11:44.257670" hostname="DESKTOP-1J9SRH4"><testcase classname="src.assistant3.__init__" name="PYLINT" time="0.004"><skipped type="pytest.skip" message="file(s) previously passed pylint checks">C:\Users\edwin\Assistant3\b\venv\lib\site-packages\pytest_pylint\plugin.py:340: file(s) previously passed pylint checks</skipped></testcase><testcase classname="src.assistant3.__init__" name="YAPF" time="0.001"><skipped type="pytest.skip" message="file(s) previously passed yapf checks">C:\Users\edwin\Assistant3\b\venv\lib\site-packages\pytest_yapf3\__init__.py:114: file(s) previously passed yapf checks</skipped></testcase><testcase time="0.002" /></testsuite></testsuites>