<?xml version="1.0" encoding="utf-8"?><testsuites><testsuite name="pytest" errors="0" failures="1" skipped="2" tests="5" time="3.858" timestamp="2022-07-20T19:24:25.554571" hostname="hamza-VirtualBox"><testcase classname="src.assistant3.processors.bestellung_management" name="PYLINT" time="0.005"><failure message="F:  1, 0: No module named src/assistant3/processors/bestellung_management.py (fatal)">F:  1, 0: No module named src/assistant3/processors/bestellung_management.py (fatal)</failure></testcase><testcase classname="src.assistant3.processors.bestellung_management.flake-8" name="FLAKE8" time="0.002"><skipped type="pytest.skip" message="file(s) previously passed FLAKE8 checks">/home/TEST.PYvenv/test_87/pypro87/lib/python3.10/site-packages/pytest_flake8.py:130: file(s) previously passed FLAKE8 checks</skipped></testcase><testcase classname="src.assistant3.processors.bestellung_management" name="mypy" time="1.519" /><testcase classname="src.assistant3.processors.bestellung_management" name="mypy-status" time="0.001" /><testcase classname="src.assistant3.processors.bestellung_management" name="YAPF" time="0.001"><skipped type="pytest.skip" message="file(s) previously passed yapf checks">/home/TEST.PYvenv/test_87/pypro87/lib/python3.10/site-packages/pytest_yapf3/__init__.py:114: file(s) previously passed yapf checks</skipped></testcase></testsuite></testsuites>