<?xml version="1.0" encoding="utf-8"?><testsuites><testsuite name="pytest" errors="0" failures="3" skipped="0" tests="5" time="8.831" timestamp="2022-07-20T18:07:47.933698" hostname="hamza-VirtualBox"><testcase classname="src.assistant3.processors.bestellung_management" name="PYLINT" time="0.002"><failure message="F:  1, 0: No module named src/assistant3/processors/bestellung_management.py (fatal)">F:  1, 0: No module named src/assistant3/processors/bestellung_management.py (fatal)</failure></testcase><testcase classname="src.assistant3.processors.bestellung_management.flake-8" name="FLAKE8" time="3.021" /><testcase classname="src.assistant3.processors.bestellung_management" name="mypy" time="3.299"><failure message="2: error: Skipping analyzing &quot;word2number&quot;: module is installed, but missing library stubs or py.typed marker&#10;2: note: See https://mypy.readthedocs.io/en/stable/running_mypy.html#missing-imports">2: error: Skipping analyzing "word2number": module is installed, but missing library stubs or py.typed marker
2: note: See https://mypy.readthedocs.io/en/stable/running_mypy.html#missing-imports</failure></testcase><testcase classname="src.assistant3.processors.bestellung_management" name="mypy-status" time="0.002"><failure message="mypy exited with status 1.">mypy exited with status 1.</failure></testcase><testcase classname="src.assistant3.processors.bestellung_management" name="YAPF" time="0.974" /></testsuite></testsuites>