<?xml version="1.0" encoding="utf-8"?><testsuites><testsuite name="pytest" errors="0" failures="0" skipped="3" tests="5" time="0.315" timestamp="2022-07-23T21:33:46.414156" hostname="trabelsi.local"><testcase classname="docs.conf" name="PYLINT" time="0.001"><skipped type="pytest.skip" message="file(s) previously passed pylint checks">/Users/trabel6/Desktop/git/Proj/ENV/lib/python3.10/site-packages/pytest_pylint/plugin.py:340: file(s) previously passed pylint checks</skipped></testcase><testcase classname="docs.conf" name="mypy" time="0.263" /><testcase classname="docs.conf" name="mypy-status" time="0.000" /><testcase classname="docs.conf.flake-8" name="FLAKE8" time="0.000"><skipped type="pytest.skip" message="file(s) previously passed FLAKE8 checks">/Users/trabel6/Desktop/git/Proj/ENV/lib/python3.10/site-packages/pytest_flake8.py:130: file(s) previously passed FLAKE8 checks</skipped></testcase><testcase classname="docs.conf" name="YAPF" time="0.000"><skipped type="pytest.skip" message="file(s) previously passed yapf checks">/Users/trabel6/Desktop/git/Proj/ENV/lib/python3.10/site-packages/pytest_yapf3/__init__.py:114: file(s) previously passed yapf checks</skipped></testcase></testsuite></testsuites>