<?xml version="1.0" encoding="utf-8"?><testsuites><testsuite name="pytest" errors="0" failures="1" skipped="0" tests="2" time="12.736" timestamp="2022-07-12T14:19:02.596623" hostname="DESKTOP-1J9SRH4"><testcase classname="src.assistant3" name="PYLINT" time="0.006"><failure message="F:  1, 0: No module named src\assistant3.py (fatal)">F:  1, 0: No module named src\assistant3.py (fatal)</failure></testcase><testcase classname="src.assistant3" name="YAPF" time="0.300" /><testcase time="0.001" /></testsuite></testsuites>