<?xml version="1.0" encoding="utf-8"?><testsuites><testsuite name="pytest" errors="0" failures="15" skipped="0" tests="33" time="45.284" timestamp="2022-06-28T18:57:19.321501" hostname="DESKTOP-1J9SRH4"><testcase classname="src.assistant3" name="PYLINT" time="0.004"><failure message="F:  1, 0: No module named src\assistant3.py (fatal)">F:  1, 0: No module named src\assistant3.py (fatal)</failure></testcase><testcase classname="src.assistant3" name="YAPF" time="0.187"><failure message="ERROR: C:\Users\edwin\pythonprojekt\b\src\assistant3.py YAPF diff: +15/-15 lines">ERROR: C:\Users\edwin\pythonprojekt\b\src\assistant3.py YAPF diff: +15/-15 lines</failure></testcase><testcase classname="src.assistant3" name="mypy" time="40.142"><failure message="8: error: Skipping analyzing &quot;sounddevice&quot;: module is installed, but missing library stubs or py.typed marker&#10;8: note: See https://mypy.readthedocs.io/en/stable/running_mypy.html#missing-imports&#10;9: error: Skipping analyzing &quot;vosk&quot;: module is installed, but missing library stubs or py.typed marker&#10;30: error: No overload variant of &quot;bytes&quot; matches argument type &quot;object&quot;&#10;30: note: Possible overload variants:&#10;30: note:     def __new__(cls, Iterable[SupportsIndex]) -&gt; bytes&#10;30: note:     def __new__(cls, str, encoding: str, errors: str = ...) -&gt; bytes&#10;30: note:     def __new__(cls, SupportsIndex) -&gt; bytes&#10;30: note:     def __new__(cls) -&gt; bytes&#10;30: note:     def __new__(cls, SupportsBytes) -&gt; bytes">8: error: Skipping analyzing "sounddevice": module is installed, but missing library stubs or py.typed marker
8: note: See https://mypy.readthedocs.io/en/stable/running_mypy.html#missing-imports
9: error: Skipping analyzing "vosk": module is installed, but missing library stubs or py.typed marker
30: error: No overload variant of "bytes" matches argument type "object"
30: note: Possible overload variants:
30: note:     def __new__(cls, Iterable[SupportsIndex]) -&gt; bytes
30: note:     def __new__(cls, str, encoding: str, errors: str = ...) -&gt; bytes
30: note:     def __new__(cls, SupportsIndex) -&gt; bytes
30: note:     def __new__(cls) -&gt; bytes
30: note:     def __new__(cls, SupportsBytes) -&gt; bytes</failure></testcase><testcase classname="src.assistant3" name="mypy-status" time="0.019"><failure message="mypy exited with status 1.">mypy exited with status 1.</failure></testcase><testcase classname="src.assistant3.flake-8" name="FLAKE8" time="1.169" /><testcase classname="src.plugins_watcher" name="PYLINT" time="0.002"><failure message="F:  1, 0: No module named src\plugins_watcher.py (fatal)">F:  1, 0: No module named src\plugins_watcher.py (fatal)</failure></testcase><testcase classname="src.plugins_watcher" name="YAPF" time="0.136"><failure message="ERROR: C:\Users\edwin\pythonprojekt\b\src\plugins_watcher.py YAPF diff: +7/-4 lines">ERROR: C:\Users\edwin\pythonprojekt\b\src\plugins_watcher.py YAPF diff: +7/-4 lines</failure></testcase><testcase classname="src.plugins_watcher" name="mypy" time="0.003" /><testcase classname="src.plugins_watcher.flake-8" name="FLAKE8" time="0.468" /><testcase classname="src.common.__init__" name="PYLINT" time="0.001"><failure message="F:  1, 0: No module named src\common\__init__.py (fatal)">F:  1, 0: No module named src\common\__init__.py (fatal)</failure></testcase><testcase classname="src.common.__init__" name="YAPF" time="0.011" /><testcase classname="src.common.__init__" name="mypy" time="0.003" /><testcase classname="src.common.__init__.flake-8" name="FLAKE8" time="0.110" /><testcase classname="src.common.exceptions" name="PYLINT" time="0.013"><failure message="F:  1, 0: No module named src\common\exceptions.py (fatal)">F:  1, 0: No module named src\common\exceptions.py (fatal)</failure></testcase><testcase classname="src.common.exceptions" name="YAPF" time="0.016" /><testcase classname="src.common.exceptions" name="mypy" time="0.003" /><testcase classname="src.common.exceptions.flake-8" name="FLAKE8" time="0.137" /><testcase classname="src.common.plugins" name="PYLINT" time="0.003"><failure message="F:  1, 0: No module named src\common\plugins.py (fatal)">F:  1, 0: No module named src\common\plugins.py (fatal)</failure></testcase><testcase classname="src.common.plugins" name="YAPF" time="0.034" /><testcase classname="src.common.plugins" name="mypy" time="0.004" /><testcase classname="src.common.plugins.flake-8" name="FLAKE8" time="0.176" /><testcase classname="src.common.utils" name="PYLINT" time="0.002"><failure message="F:  1, 0: No module named src\common\utils.py (fatal)">F:  1, 0: No module named src\common\utils.py (fatal)</failure></testcase><testcase classname="src.common.utils" name="YAPF" time="0.069"><failure message="ERROR: C:\Users\edwin\pythonprojekt\b\src\common\utils.py YAPF diff: +1/-3 lines">ERROR: C:\Users\edwin\pythonprojekt\b\src\common\utils.py YAPF diff: +1/-3 lines</failure></testcase><testcase classname="src.common.utils" name="mypy" time="0.005" /><testcase classname="src.common.utils.flake-8" name="FLAKE8" time="0.195"><failure message="C:\Users\edwin\pythonprojekt\b\src\common\utils.py:6:1: TC001 Move application import 'processors.base_processor.BasePlugin' into a type-checking block&#10;">C:\Users\edwin\pythonprojekt\b\src\common\utils.py:6:1: TC001 Move application import 'processors.base_processor.BasePlugin' into a type-checking block
</failure></testcase><testcase classname="src.processors.__init__" name="PYLINT" time="0.002"><failure message="F:  1, 0: No module named src\processors\__init__.py (fatal)">F:  1, 0: No module named src\processors\__init__.py (fatal)</failure></testcase><testcase classname="src.processors.__init__" name="YAPF" time="0.012" /><testcase classname="src.processors.__init__" name="mypy" time="0.004" /><testcase classname="src.processors.__init__.flake-8" name="FLAKE8" time="0.142" /><testcase classname="src.processors.base_processor" name="PYLINT" time="0.007"><failure message="F:  1, 0: No module named src\processors\base_processor.py (fatal)">F:  1, 0: No module named src\processors\base_processor.py (fatal)</failure></testcase><testcase classname="src.processors.base_processor" name="YAPF" time="0.346" /><testcase classname="src.processors.base_processor" name="mypy" time="0.005"><failure message="7: error: Skipping analyzing &quot;pyttsx3&quot;: module is installed, but missing library stubs or py.typed marker&#10;77: error: &quot;object&quot; not callable&#10;84: error: &quot;object&quot; not callable">7: error: Skipping analyzing "pyttsx3": module is installed, but missing library stubs or py.typed marker
77: error: "object" not callable
84: error: "object" not callable</failure></testcase><testcase classname="src.processors.base_processor.flake-8" name="FLAKE8" time="1.153" /></testsuite></testsuites>