<?xml version="1.0" encoding="utf-8"?><testsuites><testsuite name="pytest" errors="0" failures="4" skipped="0" tests="5" time="3.518" timestamp="2022-07-23T15:27:05.749582" hostname="DESKTOP-1J9SRH4"><testcase classname="src.assistant3.common.plugin_help" name="PYLINT" time="0.003"><failure message="F:  1, 0: No module named src\assistant3\common\plugin_help.py (fatal)">F:  1, 0: No module named src\assistant3\common\plugin_help.py (fatal)</failure></testcase><testcase classname="src.assistant3.common.plugin_help" name="YAPF" time="0.279"><failure message="ERROR: C:\Users\edwin\Assistant3\b\src\assistant3\common\plugin_help.py YAPF diff: +11/-4 lines">ERROR: C:\Users\edwin\Assistant3\b\src\assistant3\common\plugin_help.py YAPF diff: +11/-4 lines</failure></testcase><testcase classname="src.assistant3.common.plugin_help" name="mypy" time="0.896"><failure message="9: error: Skipping analyzing &quot;geocoder&quot;: module is installed, but missing library stubs or py.typed marker&#10;9: note: See https://mypy.readthedocs.io/en/stable/running_mypy.html#missing-imports&#10;11: error: Skipping analyzing &quot;geopy.geocoders&quot;: module is installed, but missing library stubs or py.typed marker&#10;12: error: Skipping analyzing &quot;pynput.keyboard&quot;: module is installed, but missing library stubs or py.typed marker">9: error: Skipping analyzing "geocoder": module is installed, but missing library stubs or py.typed marker
9: note: See https://mypy.readthedocs.io/en/stable/running_mypy.html#missing-imports
11: error: Skipping analyzing "geopy.geocoders": module is installed, but missing library stubs or py.typed marker
12: error: Skipping analyzing "pynput.keyboard": module is installed, but missing library stubs or py.typed marker</failure></testcase><testcase classname="src.assistant3.common.plugin_help" name="mypy-status" time="0.015"><failure message="mypy exited with status 1.">mypy exited with status 1.</failure></testcase><testcase classname="src.assistant3.common.plugin_help.flake-8" name="FLAKE8" time="1.313" /></testsuite></testsuites>